C51 COMPILER V9.03   DISPLAY7SEGHW                                                         02/06/2013 19:00:54 PAGE 1   


C51 COMPILER V9.03, COMPILATION OF MODULE DISPLAY7SEGHW
OBJECT MODULE PLACED IN DISPLAY7SEGHW.OBJ
COMPILER INVOKED BY: C:\Keil\C51\BIN\C51.EXE DISPLAY7SEGHW.C LARGE BROWSE DEBUG OBJECTEXTEND

line level    source

   1          //==============================================================================================
   2          //              -               Proposito: Funcion que se encarga de barrer el display
   3          //              -               Parametros: void
   4          //              -               Retorna: void
   5          //==============================================================================================
   6          
   7          #include <INFOII.h>
   8          
   9          extern unsigned char Digito_Display[];
  10          
  11          void Barrido_Display(void)
  12          {
  13   1              unsigned char                   Auxiliar;
  14   1              static  unsigned char   Indice_Display = 0;
  15   1      
  16   1      #ifdef F120
                      char SFRPAGE_SAVE = SFRPAGE;    // Save Current SFR page
                      SFRPAGE = CONFIG_PAGE;                  // Set SFR Page
              #endif
  20   1      
  21   1              // Apago todos los digitos
  22   1      #ifdef F120
                      DIGITO_0 = 0;
                      DIGITO_1 = 0;
                      DIGITO_2 = 0;
                      DIGITO_3 = 0;
                      DIGITO_4 = 0;
                      DIGITO_5 = 0;
              #else
  30   1              P4 &= 0xc0;     
  31   1      #endif
  32   1              // Escribo en el puerto de datos
  33   1              Auxiliar = Digito_Display[Indice_Display];              // Se utiliza esta variable auxiliar para ahorrar codigo
  34   1              
  35   1              PUERTO_DISPLAY_A = Auxiliar & 0x01;                             // Comienzo a barrer los pines del micro
  36   1              PUERTO_DISPLAY_B = (Auxiliar >> 1 ) & 0x01;
  37   1              PUERTO_DISPLAY_C = (Auxiliar >> 2 ) & 0x01;
  38   1              PUERTO_DISPLAY_D = (Auxiliar >> 3 ) & 0x01;
  39   1              PUERTO_DISPLAY_E = (Auxiliar >> 4 ) & 0x01;
  40   1              PUERTO_DISPLAY_F = (Auxiliar >> 5 ) & 0x01;
  41   1              PUERTO_DISPLAY_G = (Auxiliar >> 6 ) & 0x01;
  42   1              PUERTO_DISPLAY_DP = (Auxiliar >> 7 ) & 0x01;
  43   1      
  44   1              // Activo el display que corresponde
  45   1              switch(Indice_Display)
  46   1              {
  47   2                      case 0:
  48   2                              #ifdef F120
                                              DIGITO_0 = 1;
                                      #else
  51   2                                      P4 |= 0x01;     
  52   2                              #endif
  53   2                              break;
  54   2                              
  55   2                      case 1:
C51 COMPILER V9.03   DISPLAY7SEGHW                                                         02/06/2013 19:00:54 PAGE 2   

  56   2                              #ifdef F120
                                              DIGITO_1 = 1;
                                      #else
  59   2                                      P4 |= 0x02;     
  60   2                              #endif
  61   2                              break;
  62   2      
  63   2                      case 2:
  64   2                              #ifdef F120
                                              DIGITO_2 = 1;
                                      #else
  67   2                                      P4 |= 0x04;     
  68   2                              #endif
  69   2                              break;
  70   2      
  71   2                      case 3:
  72   2                              #ifdef F120
                                              DIGITO_3 = 1;
                                      #else
  75   2                                      P4 |= 0x08;     
  76   2                              #endif
  77   2                              break;
  78   2      
  79   2                      case 4:
  80   2                              #ifdef F120
                                              DIGITO_4 = 1;
                                      #else
  83   2                                      P4 |= 0x10;     
  84   2                              #endif
  85   2                              break;
  86   2      
  87   2                      case 5:
  88   2                              #ifdef F120
                                              DIGITO_5 = 1;
                                      #else
  91   2                                      P4 |= 0x20;     
  92   2                              #endif
  93   2                              break;
  94   2      
  95   2                      default:
  96   2                              #ifdef F120
                                              DIGITO_0 = 0;
                                              DIGITO_1 = 0;
                                              DIGITO_2 = 0;
                                              DIGITO_3 = 0;
                                              DIGITO_4 = 0;
                                              DIGITO_5 = 0;
                                      #else
 104   2                                      P4 &= 0xc0;     
 105   2                              #endif
 106   2                              break;
 107   2              }
 108   1      
 109   1              // Incremento el indice del display
 110   1              Indice_Display++;
 111   1              Indice_Display %= 6;
 112   1      
 113   1      #ifdef F120
                      SFRPAGE = SFRPAGE_SAVE;                 // Set SFR Page
              #endif
 116   1      }

C51 COMPILER V9.03   DISPLAY7SEGHW                                                         02/06/2013 19:00:54 PAGE 3   


MODULE INFORMATION:   STATIC OVERLAYABLE
   CODE SIZE        =    147    ----
   CONSTANT SIZE    =   ----    ----
   XDATA SIZE       =      1    ----
   PDATA SIZE       =   ----    ----
   DATA SIZE        =   ----    ----
   IDATA SIZE       =   ----    ----
   BIT SIZE         =   ----    ----
END OF MODULE INFORMATION.


C51 COMPILATION COMPLETE.  0 WARNING(S),  0 ERROR(S)
