C51 COMPILER V9.03   DISPLAY7SEGPR                                                         02/06/2013 19:00:54 PAGE 1   


C51 COMPILER V9.03, COMPILATION OF MODULE DISPLAY7SEGPR
OBJECT MODULE PLACED IN DISPLAY7SEGPR.OBJ
COMPILER INVOKED BY: C:\Keil\C51\BIN\C51.EXE DISPLAY7SEGPR.C LARGE BROWSE DEBUG OBJECTEXTEND

line level    source

   1          #include <INFOII.h>
   2          
   3          //      Digitos del display
   4          unsigned char Digito_Display[CANTIDAD_DIGITOS_DISPLAY];
   5          
   6          //      Tabla de conversion bcd a 7 segmentos
   7          //      Codigo bcd              a       b       c       d       e       f       g   dp
   8          //      0                               1       1       1       1       1       1       0   0
   9          //      1                               0       1       1       0       0       0       0
  10          //      2                               1       1       0       1       1       0       1
  11          //      3                               1       1       1       1       0       0       1
  12          //      4                               0       1       1       0       0       1       1
  13          //      5                               1       0       1       1       0       1       1
  14          //      6                               1       0       1       1       1       1       1
  15          //      7                               1       1       1       0       0       0       0
  16          //      8                               1       1       1       1       1       1       1
  17          //      9                               1       1       1       1       0       1       1       
  18          
  19          unsigned char code Tabla_Digitos_BCD_7seg[] = { 0x3f, 0x06, 0x5B, 0x4f, 0x66, 0x6D, 0x7D, 0x07, 0x7f, 0x6f
             -};
  20          //*********************************************************************************************
  21          //      Proposito: Display de 7 Segmentos.                                
  22          //      Parametros:                                                       
  23          //              int Valor : valor a presentar
  24          //      Retorna: void.                                                    
  25          //*********************************************************************************************
  26          void Display(long Valor)
  27          {
  28   1              unsigned char i;
  29   1      
  30   1              for( i = (CANTIDAD_DIGITOS_DISPLAY - 1) ; i ; i-- )
  31   1              {
  32   2                      Digito_Display[i] = Tabla_Digitos_BCD_7seg[Valor % 10];
  33   2                      Valor /= 10; 
  34   2              }
  35   1              Digito_Display[0] = Tabla_Digitos_BCD_7seg[Valor % 10];
  36   1      }


MODULE INFORMATION:   STATIC OVERLAYABLE
   CODE SIZE        =    141    ----
   CONSTANT SIZE    =     10    ----
   XDATA SIZE       =      6       5
   PDATA SIZE       =   ----    ----
   DATA SIZE        =   ----    ----
   IDATA SIZE       =   ----    ----
   BIT SIZE         =   ----    ----
END OF MODULE INFORMATION.


C51 COMPILATION COMPLETE.  0 WARNING(S),  0 ERROR(S)
