C51 COMPILER V9.03   INFOII_09AD                                                           02/06/2013 19:00:54 PAGE 1   


C51 COMPILER V9.03, COMPILATION OF MODULE INFOII_09AD
OBJECT MODULE PLACED IN INFOII-09AD.OBJ
COMPILER INVOKED BY: C:\Keil\C51\BIN\C51.EXE INFOII-09AD.c LARGE BROWSE DEBUG OBJECTEXTEND

line level    source

   1          // =========================================================================================
   2          //  Módulo: INFOII-09AD.C                                                         
   3          //  Propósito: funciones de inicializacion y configuracion del conversor AD del F020                      
             -           
   4          //  Módulo componente de: INFOII-09
   5          //  Fecha: 16-06-09
   6          //  Autor: Ing. Gustavo Fresno
   7          //  Tema : Conversores AD
   8          // =========================================================================================
   9          
  10          #include <INFOII.h>
  11          
  12          #define                         CANAL_LDR_COCINA                                0
  13          #define                         CANAL_LDR_COMEDOR                               4
  14          #define                         CANAL_SENS_TEMP_COCINA                  5
  15          
  16          code unsigned char      Canal_ADC[] = {CANAL_LDR_COCINA,CANAL_LDR_COMEDOR,CANAL_SENS_TEMP_COCINA};                                      // Varia
             -ble que indica el conversor que se esta utilizando
  17          
  18          unsigned char           Puntero_Canal_ADC = 0;
  19          unsigned int            Medicion_ADC[3];                                                // Variables donde guardo lo leido por cada canal
  20          
  21          //----------------------------------------------------------------------------------------------------
  22          //                      Funcion donde inicializo el ADC
  23          //                      Se inicializa de manera de configurar el ADC0 para funcionar por interrupcion
  24          //----------------------------------------------------------------------------------------------------
  25          void Inic_ADC(void)
  26          {
  27   1              REF0CN = 0x03;
  28   1      
  29   1              EIE2 |= 0x02;
  30   1              AMX0CF = 0;     
  31   1                                                                      // Configuro los canales individuales y no diferenciales
  32   1              AMX0SL = Canal_ADC[Puntero_Canal_ADC];                                          // Elijo el canal 
  33   1              ADC0CF = 0x38;                                                  // Divido la velocidad de muestreo a la minima velocidad de conversion  
  34   1      
  35   1              ADC0CN = 0xD0;                                                  // Disparo la 1° conversion
  36   1      }
  37          
  38          //----------------------------------------------------------------------------------------------------
  39          //      Interrupcion del conversor analogico-digital
  40          //----------------------------------------------------------------------------------------------------
  41          void Int_ADC0(void)     interrupt 15
  42          {
  43   1              ADC0CN = 0;                                                                                             // Paro la conversion
  44   1      
  45   1              Medicion_ADC[Puntero_Canal_ADC] = (unsigned int)ADC0H;  // Leo la lectura del canal y lo guardo en la resp
             -ectiva variable
  46   1              Medicion_ADC[Puntero_Canal_ADC] *= 256;
  47   1              Medicion_ADC[Puntero_Canal_ADC] += (unsigned int)ADC0L;
  48   1               
  49   1              AMX0CF = 0;                                                                                             // Configuro los canales individuales y no diferenciales
  50   1      
  51   1              Puntero_Canal_ADC++;
  52   1                                                                                      // Incremento el puntero
C51 COMPILER V9.03   INFOII_09AD                                                           02/06/2013 19:00:54 PAGE 2   

  53   1      
  54   1              if(Puntero_Canal_ADC==2)
  55   1              ADC0CF=0x3A;
  56   1              else
  57   1              ADC0CF=0x38;
  58   1                                                                              // Verifico que no sea mayor a 3 (x q tengo 3 conversores)
  59   1              if(Puntero_Canal_ADC==3)
  60   1              Puntero_Canal_ADC=0;
  61   1              
  62   1              AMX0SL = Canal_ADC[Puntero_Canal_ADC];                                  // Asigno y disparo el canal que deseo muestrear
  63   1      
  64   1      
  65   1              //Display(Medicion_ADC[Puntero_Canal_ADC]);                                                                             // Disparo la conversion de nuevo (quedo en un ciclo
             - de conversion)
  66   1      }        


MODULE INFORMATION:   STATIC OVERLAYABLE
   CODE SIZE        =    175    ----
   CONSTANT SIZE    =      3    ----
   XDATA SIZE       =      7    ----
   PDATA SIZE       =   ----    ----
   DATA SIZE        =   ----    ----
   IDATA SIZE       =   ----    ----
   BIT SIZE         =   ----    ----
END OF MODULE INFORMATION.


C51 COMPILATION COMPLETE.  0 WARNING(S),  0 ERROR(S)
