C51 COMPILER V9.03   TECLADOBUF                                                            02/06/2013 19:00:53 PAGE 1   


C51 COMPILER V9.03, COMPILATION OF MODULE TECLADOBUF
OBJECT MODULE PLACED IN TECLADOBUF.OBJ
COMPILER INVOKED BY: C:\Keil\C51\BIN\C51.EXE TECLADOBUF.C LARGE BROWSE DEBUG OBJECTEXTEND

line level    source

   1          #include <INFOII.h>
   2          
   3          //      Buffer de Teclado
   4          extern unsigned char key;
   5          
   6          //      Proposito: Lectura y borrado del buffer de teclado.                     
   7          //      Parametros: void.                                                                                                                               
   8          //      Retorna: void                                                                                                                                   
   9          //*********************************************************************************************
  10          unsigned char Get_Key(void)
  11          {
  12   1              unsigned char Keys;
  13   1           
  14   1              Keys = key;
  15   1      
  16   1              key = NO_KEY;
  17   1       
  18   1              return Keys;
  19   1      }


MODULE INFORMATION:   STATIC OVERLAYABLE
   CODE SIZE        =      9    ----
   CONSTANT SIZE    =   ----    ----
   XDATA SIZE       =   ----    ----
   PDATA SIZE       =   ----    ----
   DATA SIZE        =   ----    ----
   IDATA SIZE       =   ----    ----
   BIT SIZE         =   ----    ----
END OF MODULE INFORMATION.


C51 COMPILATION COMPLETE.  0 WARNING(S),  0 ERROR(S)
